<?xml version="1.0" encoding="UTF-8"?>
<testsuite name="um.edu.mt.cps2002.GameTest" time="0.023" tests="2" errors="1" skipped="0" failures="1">
  <properties>
[...]
</properties>
  <testcase name="testSetNumPlayers" classname="um.edu.mt.cps2002.GameTest" time="0.018">
    <failure message="expected:&lt;false&gt; but was:&lt;true&gt;" type="java.lang.AssertionError"><![CDATA[java.lang.AssertionError: expected:<false> but was:<true>
	at org.junit.Assert.fail(Assert.java:88)
	at org.junit.Assert.failNotEquals(Assert.java:834)
	at org.junit.Assert.assertEquals(Assert.java:118)
	at org.junit.Assert.assertEquals(Assert.java:144)
	at um.edu.mt.cps2002.GameTest.testSetNumPlayers(GameTest.java:23)
]]></failure>
  </testcase>
  <testcase name="generateHTMLFiles" classname="um.edu.mt.cps2002.GameTest" time="0.005">
    <error type="java.lang.NullPointerException:">java.lang.NullPointerException: null
	at um.edu.mt.cps2002.GameTest.generateHTMLFiles(GameTest.java:37)
</error>
  </testcase>
</testsuite>